utilities/array/Array.js
utilities/azap/AntiZoomAndPan.js
utilities/eventHandler/EventHandler.js
utilities/mouser/Mouser.js
utilities/viewbox/ViewBox.js
math/intersection/Intersection.js
math/intersection/IntersectionParams.js
math/point2d/Point2D.js
math/polynomial/Polynomial.js
math/vector2d/Vector2D.js
shapes/shape/Shape.js
shapes/circle/Circle.js
shapes/ellipse/Ellipse.js
shapes/handle/Handle.js
shapes/lever/Lever.js
shapes/lever/LeverHandle.js
shapes/line/Line.js
shapes/path/Token.js
shapes/path/Path.js
shapes/path/absolutePathSegment/AbsolutePathSegment.js
shapes/path/absoluteArcPath/AbsoluteArcPath.js
shapes/path/absoluteCurveto2/AbsoluteCurveto2.js
shapes/path/absoluteCurveto3/AbsoluteCurveto3.js
shapes/path/absoluteHLineto/AbsoluteHLineto.js
shapes/path/absoluteLineto/AbsoluteLineto.js
shapes/path/absoluteMoveto/AbsoluteMoveto.js
shapes/path/absoluteSmoothCurveto2/AbsoluteSmoothCurveto2.js
shapes/path/absoluteSmoothCurveto3/AbsoluteSmoothCurveto3.js
shapes/path/relativePathSegment/RelativePathSegment.js
shapes/path/relativeClosePath/RelativeClosePath.js
shapes/path/relativeCurveto2/RelativeCurveto2.js
shapes/path/relativeCurveto3/RelativeCurveto3.js
shapes/path/relativeLineto/RelativeLineto.js
shapes/path/relativeMoveto/RelativeMoveto.js
shapes/path/relativeSmoothCurveto2/RelativeSmoothCurveto2.js
shapes/path/relativeSmoothCurveto3/RelativeSmoothCurveto3.js
shapes/polygon/Polygon.js
shapes/rectangle/Rectangle.js
